Build started 22/09/2015 16:52:43.
     1>Project "C:\BitBucket\UoG\Programming Framework\deps\glfw-3.1.1\proj\vs2013\src\glfw.vcxproj" on node 2 (Rebuild target(s)).
     1>ClCompile:
         C:\Program Files (x86)\Microsoft Visual Studio 12.0\VC\bin\CL.exe /c /I..\..\src /nologo /W3 /WX- /O2 /Ob2 /Oy- /D WIN32 /D _WINDOWS /D NDEBUG /D _CRT_SECURE_NO_WARNINGS /D _GLFW_USE_CONFIG_H /D "CMAKE_INTDIR=\"Release\"" /D _MBCS /Gm- /MD /GS /fp:precise /Zc:wchar_t /Zc:forScope /Fo"../../obj\\" /Fd"../../obj\vc120.pdb" /Gd /TC /analyze- /errorReport:prompt ..\..\..\src\context.c ..\..\..\src\init.c ..\..\..\src\input.c ..\..\..\src\monitor.c ..\..\..\src\wgl_context.c ..\..\..\src\win32_init.c ..\..\..\src\win32_monitor.c ..\..\..\src\win32_time.c ..\..\..\src\win32_tls.c ..\..\..\src\win32_window.c ..\..\..\src\window.c ..\..\..\src\winmm_joystick.c
         context.c
         init.c
         input.c
         monitor.c
         wgl_context.c
         win32_init.c
         win32_monitor.c
         win32_time.c
         win32_tls.c
         win32_window.c
         window.c
         winmm_joystick.c
         Generating Code...
       Lib:
         C:\Program Files (x86)\Microsoft Visual Studio 12.0\VC\bin\Lib.exe /OUT:"../../../lib-vc2013\Win32\Release\glfw3.lib" /NOLOGO ../../obj\context.obj
         ../../obj\init.obj
         ../../obj\input.obj
         ../../obj\monitor.obj
         ../../obj\wgl_context.obj
         ../../obj\win32_init.obj
         ../../obj\win32_monitor.obj
         ../../obj\win32_time.obj
         ../../obj\win32_tls.obj
         ../../obj\win32_window.obj
         ../../obj\window.obj
         ../../obj\winmm_joystick.obj
         glfw.vcxproj -> C:\BitBucket\UoG\Programming Framework\deps\glfw-3.1.1\proj\vs2013\src\../../../lib-vc2013\Win32\Release\glfw3.lib
     1>Done Building Project "C:\BitBucket\UoG\Programming Framework\deps\glfw-3.1.1\proj\vs2013\src\glfw.vcxproj" (Rebuild target(s)).

Build succeeded.

Time Elapsed 00:00:02.57
