Build started 22/09/2015 16:39:19.
     1>Project "C:\BitBucket\UoG\Programming Framework\deps\glfw-3.1.1\proj\vs2013\src\glfw.vcxproj" on node 2 (Build target(s)).
     1>ClCompile:
         C:\Program Files (x86)\Microsoft Visual Studio 12.0\VC\bin\x86_amd64\CL.exe /c /I..\..\src /nologo /W3 /WX- /O2 /Ob2 /D WIN32 /D _WINDOWS /D NDEBUG /D _CRT_SECURE_NO_WARNINGS /D _GLFW_USE_CONFIG_H /D "CMAKE_INTDIR=\"Release\"" /D _MBCS /Gm- /MD /GS /fp:precise /Zc:wchar_t /Zc:forScope /Fo"x64\Release\\" /Fd"x64\Release\vc120.pdb" /Gd /TC /errorReport:prompt ..\..\..\src\context.c ..\..\..\src\init.c ..\..\..\src\input.c ..\..\..\src\monitor.c ..\..\..\src\wgl_context.c ..\..\..\src\win32_init.c ..\..\..\src\win32_monitor.c ..\..\..\src\win32_time.c ..\..\..\src\win32_tls.c ..\..\..\src\win32_window.c ..\..\..\src\window.c ..\..\..\src\winmm_joystick.c
         context.c
         init.c
         input.c
         monitor.c
         wgl_context.c
         win32_init.c
         win32_monitor.c
         win32_time.c
         win32_tls.c
         win32_window.c
         window.c
         winmm_joystick.c
         Generating Code...
       Lib:
         C:\Program Files (x86)\Microsoft Visual Studio 12.0\VC\bin\x86_amd64\Lib.exe /OUT:"../../../lib-vc2013\x64\Release\glfw3.lib" /NOLOGO /MACHINE:X64 x64\Release\context.obj
         x64\Release\init.obj
         x64\Release\input.obj
         x64\Release\monitor.obj
         x64\Release\wgl_context.obj
         x64\Release\win32_init.obj
         x64\Release\win32_monitor.obj
         x64\Release\win32_time.obj
         x64\Release\win32_tls.obj
         x64\Release\win32_window.obj
         x64\Release\window.obj
         x64\Release\winmm_joystick.obj
         glfw.vcxproj -> C:\BitBucket\UoG\Programming Framework\deps\glfw-3.1.1\proj\vs2013\src\../../../lib-vc2013\x64\Release\glfw3.lib
     1>Done Building Project "C:\BitBucket\UoG\Programming Framework\deps\glfw-3.1.1\proj\vs2013\src\glfw.vcxproj" (Build target(s)).

Build succeeded.

Time Elapsed 00:00:02.58
