d:\projects\nhtv basic framework\deps\glfw-3.1.1\build2013\src\x64\release\wgl_context.obj
d:\projects\nhtv basic framework\deps\glfw-3.1.1\build2013\src\x64\release\winmm_joystick.obj
d:\projects\nhtv basic framework\deps\glfw-3.1.1\build2013\src\x64\release\win32_window.obj
d:\projects\nhtv basic framework\deps\glfw-3.1.1\build2013\src\x64\release\win32_tls.obj
d:\projects\nhtv basic framework\deps\glfw-3.1.1\build2013\src\x64\release\win32_time.obj
d:\projects\nhtv basic framework\deps\glfw-3.1.1\build2013\src\x64\release\win32_monitor.obj
d:\projects\nhtv basic framework\deps\glfw-3.1.1\build2013\src\x64\release\win32_init.obj
d:\projects\nhtv basic framework\deps\glfw-3.1.1\build2013\src\x64\release\window.obj
d:\projects\nhtv basic framework\deps\glfw-3.1.1\build2013\src\x64\release\monitor.obj
d:\projects\nhtv basic framework\deps\glfw-3.1.1\build2013\src\x64\release\input.obj
d:\projects\nhtv basic framework\deps\glfw-3.1.1\build2013\src\x64\release\init.obj
d:\projects\nhtv basic framework\deps\glfw-3.1.1\build2013\src\x64\release\context.obj
d:\projects\nhtv basic framework\deps\glfw-3.1.1\build2013\src\cmakefiles\generate.stamp
d:\projects\nhtv basic framework\deps\glfw-3.1.1\lib-vc2013\x64\release\glfw3.lib
d:\projects\nhtv basic framework\deps\glfw-3.1.1\proj\vs2013\src\x64\release\context.obj
d:\projects\nhtv basic framework\deps\glfw-3.1.1\proj\vs2013\src\x64\release\init.obj
d:\projects\nhtv basic framework\deps\glfw-3.1.1\proj\vs2013\src\x64\release\input.obj
d:\projects\nhtv basic framework\deps\glfw-3.1.1\proj\vs2013\src\x64\release\monitor.obj
d:\projects\nhtv basic framework\deps\glfw-3.1.1\proj\vs2013\src\x64\release\wgl_context.obj
d:\projects\nhtv basic framework\deps\glfw-3.1.1\proj\vs2013\src\x64\release\win32_init.obj
d:\projects\nhtv basic framework\deps\glfw-3.1.1\proj\vs2013\src\x64\release\win32_monitor.obj
d:\projects\nhtv basic framework\deps\glfw-3.1.1\proj\vs2013\src\x64\release\win32_time.obj
d:\projects\nhtv basic framework\deps\glfw-3.1.1\proj\vs2013\src\x64\release\win32_tls.obj
d:\projects\nhtv basic framework\deps\glfw-3.1.1\proj\vs2013\src\x64\release\win32_window.obj
d:\projects\nhtv basic framework\deps\glfw-3.1.1\proj\vs2013\src\x64\release\window.obj
d:\projects\nhtv basic framework\deps\glfw-3.1.1\proj\vs2013\src\x64\release\winmm_joystick.obj
d:\projects\nhtv basic framework\deps\glfw-3.1.1\proj\vs2013\src\x64\release\glfw.tlog\cl.command.1.tlog
d:\projects\nhtv basic framework\deps\glfw-3.1.1\proj\vs2013\src\x64\release\glfw.tlog\cl.read.1.tlog
d:\projects\nhtv basic framework\deps\glfw-3.1.1\proj\vs2013\src\x64\release\glfw.tlog\cl.write.1.tlog
d:\projects\nhtv basic framework\deps\glfw-3.1.1\proj\vs2013\src\x64\release\glfw.tlog\custombuild.command.1.tlog
d:\projects\nhtv basic framework\deps\glfw-3.1.1\proj\vs2013\src\x64\release\glfw.tlog\custombuild.read.1.tlog
d:\projects\nhtv basic framework\deps\glfw-3.1.1\proj\vs2013\src\x64\release\glfw.tlog\custombuild.write.1.tlog
d:\projects\nhtv basic framework\deps\glfw-3.1.1\proj\vs2013\src\x64\release\glfw.tlog\lib-link.read.1.tlog
d:\projects\nhtv basic framework\deps\glfw-3.1.1\proj\vs2013\src\x64\release\glfw.tlog\lib-link.write.1.tlog
d:\projects\nhtv basic framework\deps\glfw-3.1.1\proj\vs2013\src\x64\release\glfw.tlog\lib.command.1.tlog
