c:\bitbucket\uog\programming framework\deps\glfw-3.1.1\proj\vs2013\src\x64\debug\vc120.pdb
c:\bitbucket\uog\programming framework\deps\glfw-3.1.1\proj\vs2013\src\x64\debug\winmm_joystick.obj
c:\bitbucket\uog\programming framework\deps\glfw-3.1.1\proj\vs2013\src\x64\debug\window.obj
c:\bitbucket\uog\programming framework\deps\glfw-3.1.1\proj\vs2013\src\x64\debug\win32_window.obj
c:\bitbucket\uog\programming framework\deps\glfw-3.1.1\proj\vs2013\src\x64\debug\win32_tls.obj
c:\bitbucket\uog\programming framework\deps\glfw-3.1.1\proj\vs2013\src\x64\debug\win32_time.obj
c:\bitbucket\uog\programming framework\deps\glfw-3.1.1\proj\vs2013\src\x64\debug\win32_monitor.obj
c:\bitbucket\uog\programming framework\deps\glfw-3.1.1\proj\vs2013\src\x64\debug\win32_init.obj
c:\bitbucket\uog\programming framework\deps\glfw-3.1.1\proj\vs2013\src\x64\debug\wgl_context.obj
c:\bitbucket\uog\programming framework\deps\glfw-3.1.1\proj\vs2013\src\x64\debug\monitor.obj
c:\bitbucket\uog\programming framework\deps\glfw-3.1.1\proj\vs2013\src\x64\debug\input.obj
c:\bitbucket\uog\programming framework\deps\glfw-3.1.1\proj\vs2013\src\x64\debug\init.obj
c:\bitbucket\uog\programming framework\deps\glfw-3.1.1\proj\vs2013\src\x64\debug\context.obj
c:\bitbucket\uog\programming framework\deps\glfw-3.1.1\proj\lib-vc2013\x64\debug\glfw3.lib
c:\bitbucket\uog\programming framework\deps\glfw-3.1.1\proj\vs2013\src\x64\debug\glfw.tlog\cl.command.1.tlog
c:\bitbucket\uog\programming framework\deps\glfw-3.1.1\proj\vs2013\src\x64\debug\glfw.tlog\cl.read.1.tlog
c:\bitbucket\uog\programming framework\deps\glfw-3.1.1\proj\vs2013\src\x64\debug\glfw.tlog\cl.write.1.tlog
c:\bitbucket\uog\programming framework\deps\glfw-3.1.1\proj\vs2013\src\x64\debug\glfw.tlog\lib-link.read.1.tlog
c:\bitbucket\uog\programming framework\deps\glfw-3.1.1\proj\vs2013\src\x64\debug\glfw.tlog\lib-link.write.1.tlog
c:\bitbucket\uog\programming framework\deps\glfw-3.1.1\proj\vs2013\src\x64\debug\glfw.tlog\lib.command.1.tlog
