cl : Command line warning D9007: '/Gm' requires '/Zi or /ZI'; option ignored
  main.cpp
MathLibrary.lib(Vector2.obj) : warning LNK4075: ignoring '/EDITANDCONTINUE' due to '/INCREMENTAL:NO' specification
  UG Basic Framework.lib(stb_image_aug.obj) : MSIL .netmodule or module compiled with /GL found; restarting link with /LTCG; add /LTCG to the link command line to improve linker performance
MathLibrary.lib(Vector2.obj) : warning LNK4075: ignoring '/EDITANDCONTINUE' due to '/INCREMENTAL:NO' specification
LINK : warning LNK4098: defaultlib 'MSVCRT' conflicts with use of other libs; use /NODEFAULTLIB:library
  Generating code
  Finished generating code
UG Basic Framework.lib(stb_image_aug.obj) : warning LNK4099: PDB 'SOIL.pdb' was not found with 'UG Basic Framework.lib(stb_image_aug.obj)' or at 'D:\Documents\CodingWork\Year 1\CT4019 Programming and Mathematics for Games (Sem1-2 - 201617)\semester 2\TinyTanks\proj\Release\SOIL.pdb'; linking object as if no debug info
UG Basic Framework.lib(image_helper.obj) : warning LNK4099: PDB 'SOIL.pdb' was not found with 'UG Basic Framework.lib(image_helper.obj)' or at 'D:\Documents\CodingWork\Year 1\CT4019 Programming and Mathematics for Games (Sem1-2 - 201617)\semester 2\TinyTanks\proj\Release\SOIL.pdb'; linking object as if no debug info
UG Basic Framework.lib(image_DXT.obj) : warning LNK4099: PDB 'SOIL.pdb' was not found with 'UG Basic Framework.lib(image_DXT.obj)' or at 'D:\Documents\CodingWork\Year 1\CT4019 Programming and Mathematics for Games (Sem1-2 - 201617)\semester 2\TinyTanks\proj\Release\SOIL.pdb'; linking object as if no debug info
UG Basic Framework.lib(SOIL.obj) : warning LNK4099: PDB 'SOIL.pdb' was not found with 'UG Basic Framework.lib(SOIL.obj)' or at 'D:\Documents\CodingWork\Year 1\CT4019 Programming and Mathematics for Games (Sem1-2 - 201617)\semester 2\TinyTanks\proj\Release\SOIL.pdb'; linking object as if no debug info
UG Basic Framework.lib(glew.obj) : warning LNK4099: PDB 'glew_static.pdb' was not found with 'UG Basic Framework.lib(glew.obj)' or at 'D:\Documents\CodingWork\Year 1\CT4019 Programming and Mathematics for Games (Sem1-2 - 201617)\semester 2\TinyTanks\proj\Release\glew_static.pdb'; linking object as if no debug info
UG Basic Framework.lib(wgl_context.obj) : warning LNK4099: PDB 'glfw.pdb' was not found with 'UG Basic Framework.lib(wgl_context.obj)' or at 'D:\Documents\CodingWork\Year 1\CT4019 Programming and Mathematics for Games (Sem1-2 - 201617)\semester 2\TinyTanks\proj\Release\glfw.pdb'; linking object as if no debug info
UG Basic Framework.lib(winmm_joystick.obj) : warning LNK4099: PDB 'glfw.pdb' was not found with 'UG Basic Framework.lib(winmm_joystick.obj)' or at 'D:\Documents\CodingWork\Year 1\CT4019 Programming and Mathematics for Games (Sem1-2 - 201617)\semester 2\TinyTanks\proj\Release\glfw.pdb'; linking object as if no debug info
UG Basic Framework.lib(win32_window.obj) : warning LNK4099: PDB 'glfw.pdb' was not found with 'UG Basic Framework.lib(win32_window.obj)' or at 'D:\Documents\CodingWork\Year 1\CT4019 Programming and Mathematics for Games (Sem1-2 - 201617)\semester 2\TinyTanks\proj\Release\glfw.pdb'; linking object as if no debug info
UG Basic Framework.lib(win32_tls.obj) : warning LNK4099: PDB 'glfw.pdb' was not found with 'UG Basic Framework.lib(win32_tls.obj)' or at 'D:\Documents\CodingWork\Year 1\CT4019 Programming and Mathematics for Games (Sem1-2 - 201617)\semester 2\TinyTanks\proj\Release\glfw.pdb'; linking object as if no debug info
UG Basic Framework.lib(win32_time.obj) : warning LNK4099: PDB 'glfw.pdb' was not found with 'UG Basic Framework.lib(win32_time.obj)' or at 'D:\Documents\CodingWork\Year 1\CT4019 Programming and Mathematics for Games (Sem1-2 - 201617)\semester 2\TinyTanks\proj\Release\glfw.pdb'; linking object as if no debug info
UG Basic Framework.lib(win32_monitor.obj) : warning LNK4099: PDB 'glfw.pdb' was not found with 'UG Basic Framework.lib(win32_monitor.obj)' or at 'D:\Documents\CodingWork\Year 1\CT4019 Programming and Mathematics for Games (Sem1-2 - 201617)\semester 2\TinyTanks\proj\Release\glfw.pdb'; linking object as if no debug info
UG Basic Framework.lib(win32_init.obj) : warning LNK4099: PDB 'glfw.pdb' was not found with 'UG Basic Framework.lib(win32_init.obj)' or at 'D:\Documents\CodingWork\Year 1\CT4019 Programming and Mathematics for Games (Sem1-2 - 201617)\semester 2\TinyTanks\proj\Release\glfw.pdb'; linking object as if no debug info
UG Basic Framework.lib(window.obj) : warning LNK4099: PDB 'glfw.pdb' was not found with 'UG Basic Framework.lib(window.obj)' or at 'D:\Documents\CodingWork\Year 1\CT4019 Programming and Mathematics for Games (Sem1-2 - 201617)\semester 2\TinyTanks\proj\Release\glfw.pdb'; linking object as if no debug info
UG Basic Framework.lib(monitor.obj) : warning LNK4099: PDB 'glfw.pdb' was not found with 'UG Basic Framework.lib(monitor.obj)' or at 'D:\Documents\CodingWork\Year 1\CT4019 Programming and Mathematics for Games (Sem1-2 - 201617)\semester 2\TinyTanks\proj\Release\glfw.pdb'; linking object as if no debug info
UG Basic Framework.lib(input.obj) : warning LNK4099: PDB 'glfw.pdb' was not found with 'UG Basic Framework.lib(input.obj)' or at 'D:\Documents\CodingWork\Year 1\CT4019 Programming and Mathematics for Games (Sem1-2 - 201617)\semester 2\TinyTanks\proj\Release\glfw.pdb'; linking object as if no debug info
UG Basic Framework.lib(init.obj) : warning LNK4099: PDB 'glfw.pdb' was not found with 'UG Basic Framework.lib(init.obj)' or at 'D:\Documents\CodingWork\Year 1\CT4019 Programming and Mathematics for Games (Sem1-2 - 201617)\semester 2\TinyTanks\proj\Release\glfw.pdb'; linking object as if no debug info
UG Basic Framework.lib(context.obj) : warning LNK4099: PDB 'glfw.pdb' was not found with 'UG Basic Framework.lib(context.obj)' or at 'D:\Documents\CodingWork\Year 1\CT4019 Programming and Mathematics for Games (Sem1-2 - 201617)\semester 2\TinyTanks\proj\Release\glfw.pdb'; linking object as if no debug info
  TinyTanks.vcxproj -> D:\Documents\CodingWork\Year 1\CT4019 Programming and Mathematics for Games (Sem1-2 - 201617)\semester 2\TinyTanks\proj\Release\TinyTanks.exe
  TinyTanks.vcxproj -> D:\Documents\CodingWork\Year 1\CT4019 Programming and Mathematics for Games (Sem1-2 - 201617)\semester 2\TinyTanks\proj\Release\TinyTanks.pdb (Full PDB)
