  main.cpp
d:\unishit\ct4019 programming and mathematics for games (sem1-2 - 201617)\semester 2\tiny tanks\tinytanks\source\main.cpp(111): error C2352: 'Vector3::zero': illegal call of non-static member function
  d:\unishit\ct4019 programming and mathematics for games (sem1-2 - 201617)\semester 2\tiny tanks\mathlibrary\headers and cpp\vector3.h(176): note: see declaration of 'Vector3::zero'
d:\unishit\ct4019 programming and mathematics for games (sem1-2 - 201617)\semester 2\tiny tanks\tinytanks\source\main.cpp(111): error C2668: 'Vector3::Vector3': ambiguous call to overloaded function
  d:\unishit\ct4019 programming and mathematics for games (sem1-2 - 201617)\semester 2\tiny tanks\mathlibrary\headers and cpp\vector3.h(38): note: could be 'Vector3::Vector3(const float,float,float)'
  d:\unishit\ct4019 programming and mathematics for games (sem1-2 - 201617)\semester 2\tiny tanks\mathlibrary\headers and cpp\vector3.h(36): note: or       'Vector3::Vector3(void)'
  d:\unishit\ct4019 programming and mathematics for games (sem1-2 - 201617)\semester 2\tiny tanks\tinytanks\source\main.cpp(111): note: while trying to match the argument list '()'
d:\unishit\ct4019 programming and mathematics for games (sem1-2 - 201617)\semester 2\tiny tanks\tinytanks\source\main.cpp(115): error C2660: 'Matrix3x3::scale': function does not take 1 arguments
d:\unishit\ct4019 programming and mathematics for games (sem1-2 - 201617)\semester 2\tiny tanks\tinytanks\source\main.cpp(132): error C2668: 'Vector2::Vector2': ambiguous call to overloaded function
  d:\unishit\ct4019 programming and mathematics for games (sem1-2 - 201617)\semester 2\tiny tanks\mathlibrary\headers and cpp\vector2.h(35): note: could be 'Vector2::Vector2(const float,float)'
  d:\unishit\ct4019 programming and mathematics for games (sem1-2 - 201617)\semester 2\tiny tanks\mathlibrary\headers and cpp\vector2.h(33): note: or       'Vector2::Vector2(void)'
  d:\unishit\ct4019 programming and mathematics for games (sem1-2 - 201617)\semester 2\tiny tanks\tinytanks\source\main.cpp(132): note: while trying to match the argument list '()'
d:\unishit\ct4019 programming and mathematics for games (sem1-2 - 201617)\semester 2\tiny tanks\tinytanks\source\main.cpp(134): warning C4244: 'argument': conversion from 'int' to 'float', possible loss of data
d:\unishit\ct4019 programming and mathematics for games (sem1-2 - 201617)\semester 2\tiny tanks\tinytanks\source\main.cpp(134): warning C4244: 'argument': conversion from 'int' to 'const float', possible loss of data
d:\unishit\ct4019 programming and mathematics for games (sem1-2 - 201617)\semester 2\tiny tanks\tinytanks\source\main.cpp(134): error C2665: 'UG::CreateSprite': none of the 2 overloads could convert all the argument types
  d:\unishit\ct4019 programming and mathematics for games (sem1-2 - 201617)\semester 2\tiny tanks\tinytanks\deps\uog\include\ugfw.h(152): note: could be 'int UG::CreateSprite(const char *,const float *,const float *,const float *,UG::SColour)'
  d:\unishit\ct4019 programming and mathematics for games (sem1-2 - 201617)\semester 2\tiny tanks\tinytanks\deps\uog\include\ugfw.h(143): note: or       'int UG::CreateSprite(const char *,float,float,bool,UG::SColour)'
  d:\unishit\ct4019 programming and mathematics for games (sem1-2 - 201617)\semester 2\tiny tanks\tinytanks\source\main.cpp(134): note: while trying to match the argument list '(const char *, Vector2, Vector2, Vector4)'
d:\unishit\ct4019 programming and mathematics for games (sem1-2 - 201617)\semester 2\tiny tanks\tinytanks\source\main.cpp(138): error C2440: '<function-style-cast>': cannot convert from 'initializer list' to 'Matrix3x3'
  d:\unishit\ct4019 programming and mathematics for games (sem1-2 - 201617)\semester 2\tiny tanks\tinytanks\source\main.cpp(138): note: No constructor could take the source type, or constructor overload resolution was ambiguous
d:\unishit\ct4019 programming and mathematics for games (sem1-2 - 201617)\semester 2\tiny tanks\tinytanks\source\main.cpp(161): error C2039: 'm_12': is not a member of 'Matrix3x3'
  d:\unishit\ct4019 programming and mathematics for games (sem1-2 - 201617)\semester 2\tiny tanks\mathlibrary\headers and cpp\matrix3x3.h(23): note: see declaration of 'Matrix3x3'
d:\unishit\ct4019 programming and mathematics for games (sem1-2 - 201617)\semester 2\tiny tanks\tinytanks\source\main.cpp(161): error C2039: 'm_13': is not a member of 'Matrix3x3'
  d:\unishit\ct4019 programming and mathematics for games (sem1-2 - 201617)\semester 2\tiny tanks\mathlibrary\headers and cpp\matrix3x3.h(23): note: see declaration of 'Matrix3x3'
d:\unishit\ct4019 programming and mathematics for games (sem1-2 - 201617)\semester 2\tiny tanks\tinytanks\source\main.cpp(162): error C2039: 'm_21': is not a member of 'Matrix3x3'
  d:\unishit\ct4019 programming and mathematics for games (sem1-2 - 201617)\semester 2\tiny tanks\mathlibrary\headers and cpp\matrix3x3.h(23): note: see declaration of 'Matrix3x3'
d:\unishit\ct4019 programming and mathematics for games (sem1-2 - 201617)\semester 2\tiny tanks\tinytanks\source\main.cpp(162): error C2039: 'm_22': is not a member of 'Matrix3x3'
  d:\unishit\ct4019 programming and mathematics for games (sem1-2 - 201617)\semester 2\tiny tanks\mathlibrary\headers and cpp\matrix3x3.h(23): note: see declaration of 'Matrix3x3'
d:\unishit\ct4019 programming and mathematics for games (sem1-2 - 201617)\semester 2\tiny tanks\tinytanks\source\main.cpp(162): error C2039: 'm_23': is not a member of 'Matrix3x3'
  d:\unishit\ct4019 programming and mathematics for games (sem1-2 - 201617)\semester 2\tiny tanks\mathlibrary\headers and cpp\matrix3x3.h(23): note: see declaration of 'Matrix3x3'
d:\unishit\ct4019 programming and mathematics for games (sem1-2 - 201617)\semester 2\tiny tanks\tinytanks\source\main.cpp(164): error C2039: 'm_31': is not a member of 'Matrix3x3'
  d:\unishit\ct4019 programming and mathematics for games (sem1-2 - 201617)\semester 2\tiny tanks\mathlibrary\headers and cpp\matrix3x3.h(23): note: see declaration of 'Matrix3x3'
d:\unishit\ct4019 programming and mathematics for games (sem1-2 - 201617)\semester 2\tiny tanks\tinytanks\source\main.cpp(164): error C2039: 'm_32': is not a member of 'Matrix3x3'
  d:\unishit\ct4019 programming and mathematics for games (sem1-2 - 201617)\semester 2\tiny tanks\mathlibrary\headers and cpp\matrix3x3.h(23): note: see declaration of 'Matrix3x3'
d:\unishit\ct4019 programming and mathematics for games (sem1-2 - 201617)\semester 2\tiny tanks\tinytanks\source\main.cpp(164): error C2440: '<function-style-cast>': cannot convert from 'initializer list' to 'Matrix4x4'
  d:\unishit\ct4019 programming and mathematics for games (sem1-2 - 201617)\semester 2\tiny tanks\tinytanks\source\main.cpp(164): note: No constructor could take the source type, or constructor overload resolution was ambiguous
d:\unishit\ct4019 programming and mathematics for games (sem1-2 - 201617)\semester 2\tiny tanks\tinytanks\source\main.cpp(165): error C2664: 'void UG::SetSpriteMatrix(int,const float *)': cannot convert argument 2 from 'Matrix4x4' to 'const float *'
  d:\unishit\ct4019 programming and mathematics for games (sem1-2 - 201617)\semester 2\tiny tanks\tinytanks\source\main.cpp(165): note: No user-defined-conversion operator available that can perform this conversion, or the operator cannot be called
d:\unishit\ct4019 programming and mathematics for games (sem1-2 - 201617)\semester 2\tiny tanks\tinytanks\source\main.cpp(172): error C2668: 'Vector3::Vector3': ambiguous call to overloaded function
  d:\unishit\ct4019 programming and mathematics for games (sem1-2 - 201617)\semester 2\tiny tanks\mathlibrary\headers and cpp\vector3.h(38): note: could be 'Vector3::Vector3(const float,float,float)'
  d:\unishit\ct4019 programming and mathematics for games (sem1-2 - 201617)\semester 2\tiny tanks\mathlibrary\headers and cpp\vector3.h(36): note: or       'Vector3::Vector3(void)'
  d:\unishit\ct4019 programming and mathematics for games (sem1-2 - 201617)\semester 2\tiny tanks\tinytanks\source\main.cpp(172): note: while trying to match the argument list '()'
d:\unishit\ct4019 programming and mathematics for games (sem1-2 - 201617)\semester 2\tiny tanks\tinytanks\source\main.cpp(177): error C2679: binary '*': no operator found which takes a right-hand operand of type 'Matrix3x3' (or there is no acceptable conversion)
  d:\unishit\ct4019 programming and mathematics for games (sem1-2 - 201617)\semester 2\tiny tanks\mathlibrary\headers and cpp\vector3.h(76): note: could be 'Vector3 Vector3::operator *(const Vector3 &) const'
  d:\unishit\ct4019 programming and mathematics for games (sem1-2 - 201617)\semester 2\tiny tanks\mathlibrary\headers and cpp\vector3.h(74): note: or       'Vector3 Vector3::operator *(const float &) const'
  d:\unishit\ct4019 programming and mathematics for games (sem1-2 - 201617)\semester 2\tiny tanks\tinytanks\source\main.cpp(177): note: while trying to match the argument list '(Vector3, Matrix3x3)'
d:\unishit\ct4019 programming and mathematics for games (sem1-2 - 201617)\semester 2\tiny tanks\tinytanks\source\main.cpp(242): error C2039: 'AXIS_Y': is not a member of 'Vector3'
  d:\unishit\ct4019 programming and mathematics for games (sem1-2 - 201617)\semester 2\tiny tanks\mathlibrary\headers and cpp\vector3.h(23): note: see declaration of 'Vector3'
d:\unishit\ct4019 programming and mathematics for games (sem1-2 - 201617)\semester 2\tiny tanks\tinytanks\source\main.cpp(242): error C2065: 'AXIS_Y': undeclared identifier
d:\unishit\ct4019 programming and mathematics for games (sem1-2 - 201617)\semester 2\tiny tanks\tinytanks\source\main.cpp(264): error C3861: 'Fabsf': identifier not found
d:\unishit\ct4019 programming and mathematics for games (sem1-2 - 201617)\semester 2\tiny tanks\tinytanks\source\main.cpp(266): error C3861: 'Signf': identifier not found
d:\unishit\ct4019 programming and mathematics for games (sem1-2 - 201617)\semester 2\tiny tanks\tinytanks\source\main.cpp(268): error C3861: 'Fabsf': identifier not found
d:\unishit\ct4019 programming and mathematics for games (sem1-2 - 201617)\semester 2\tiny tanks\tinytanks\source\main.cpp(268): error C2065: 'EPSILON': undeclared identifier
d:\unishit\ct4019 programming and mathematics for games (sem1-2 - 201617)\semester 2\tiny tanks\tinytanks\source\main.cpp(270): error C2676: binary '*=': 'Vector3' does not define this operator or a conversion to a type acceptable to the predefined operator
